<?xml version="1.0" encoding="UTF-8"?>
<testsuite xmlns:xsi="http://www.w3.org/2001/XMLSchema-instance" xsi:noNamespaceSchemaLocation="https://maven.apache.org/surefire/maven-surefire-plugin/xsd/surefire-test-report-3.0.xsd" version="3.0" name="org.example.CityOperationsTestIT" time="3.453" tests="3" errors="1" skipped="0" failures="0">
  <properties>
[...]
</properties>
  <testcase name="getCitesBetween" classname="org.example.CityOperationsTestIT" time="0.029">
    <system-out><![CDATA[Connecting to database...
succesffully connected 
]]></system-out>
  </testcase>
  <testcase name="getCitiesbyName" classname="org.example.CityOperationsTestIT" time="0.113"/>
  <testcase name="getCitiesbyCountryCode" classname="org.example.CityOperationsTestIT" time="0.012">
    <error message="Index 0 out of bounds for length 0" type="java.lang.IndexOutOfBoundsException"><![CDATA[java.lang.IndexOutOfBoundsException: Index 0 out of bounds for length 0
	at java.base/jdk.internal.util.Preconditions.outOfBounds(Preconditions.java:100)
	at java.base/jdk.internal.util.Preconditions.outOfBoundsCheckIndex(Preconditions.java:106)
	at java.base/jdk.internal.util.Preconditions.checkIndex(Preconditions.java:302)
	at java.base/java.util.Objects.checkIndex(Objects.java:385)
	at java.base/java.util.ArrayList.get(ArrayList.java:427)
	at org.example.CityOperationsTestIT.getCitiesbyCountryCode(CityOperationsTestIT.java:44)
	at java.base/java.lang.reflect.Method.invoke(Method.java:578)
	at java.base/java.util.ArrayList.forEach(ArrayList.java:1511)
	at java.base/java.util.ArrayList.forEach(ArrayList.java:1511)
]]></error>
    <system-out><![CDATA[ no record to display 
null is provided
]]></system-out>
  </testcase>
</testsuite>